<?xml version="1.0" encoding="UTF-8"?>
<!-- Generated by org.testng.reporters.JUnitReportReporter -->
<testsuite hostname="Aisho" failures="0" tests="1" name="FacebookAutomation.locators" time="29.883" errors="0" timestamp="2022-09-14T15:34:28 IST" skipped="0">
  <testcase classname="FacebookAutomation.locators" name="locator" time="29.883"/>
  <system-out/>
</testsuite> <!-- FacebookAutomation.locators -->
