<?xml version="1.0" encoding="UTF-8"?>
<!-- Generated by org.testng.reporters.JUnitReportReporter -->
<testsuite hostname="Aisho" failures="0" tests="1" name="FacebookAutomation.starthotspot" time="23.866" errors="0" timestamp="2022-09-12T15:13:41 IST" skipped="0">
  <testcase classname="FacebookAutomation.starthotspot" name="Slogin" time="23.866"/>
  <system-out/>
</testsuite> <!-- FacebookAutomation.starthotspot -->
