<?xml version="1.0" encoding="UTF-8"?>
<!-- Generated by org.testng.reporters.JUnitReportReporter -->
<testsuite hostname="Aisho" failures="0" tests="1" name="FacebookAutomation.csslocatorssignup" time="21.127" errors="0" timestamp="2022-09-13T16:16:20 IST" skipped="0">
  <testcase classname="FacebookAutomation.csslocatorssignup" name="Startsignup" time="21.127"/>
  <system-out/>
</testsuite> <!-- FacebookAutomation.csslocatorssignup -->
