<?xml version="1.0" encoding="UTF-8"?>
<!-- Generated by org.testng.reporters.JUnitReportReporter -->
<testsuite hostname="Aisho" failures="0" tests="1" name="FacebookAutomation.facebooklogin" time="35.381" errors="0" timestamp="2022-09-10T16:46:16 IST" skipped="0">
  <testcase classname="FacebookAutomation.facebooklogin" name="fbsignup" time="35.381"/>
  <system-out/>
</testsuite> <!-- FacebookAutomation.facebooklogin -->
