<?xml version="1.0" encoding="UTF-8"?>
<!-- Generated by org.testng.reporters.JUnitReportReporter -->
<testsuite hostname="Aisho" failures="0" tests="1" name="FacebookAutomation.mouseandkeyboard" time="19.501" errors="0" timestamp="2022-09-12T16:52:28 IST" skipped="0">
  <testcase classname="FacebookAutomation.mouseandkeyboard" name="facebooklogin" time="19.501"/>
  <system-out/>
</testsuite> <!-- FacebookAutomation.mouseandkeyboard -->
