<?xml version="1.0" encoding="UTF-8"?>
<!-- Generated by org.testng.reporters.JUnitReportReporter -->
<testsuite hostname="Aisho" failures="0" tests="1" name="screen" time="6.372" errors="0" timestamp="2022-09-13T16:11:22 IST" skipped="0">
  <testcase classname="screen" name="screenshots" time="6.372"/>
  <system-out/>
</testsuite> <!-- screen -->
